============================= test session starts =============================
platform win32 -- Python 3.14.2, pytest-9.0.2, pluggy-1.6.0 -- C:\Program Files\Python314\python.exe
cachedir: .pytest_cache
PySide6 6.10.2 -- Qt runtime 6.10.2 -- Qt compiled 6.10.2
rootdir: D:\work\phantast-py-stem-cell-confluency
plugins: anyio-4.11.0, qt-4.5.0, zarr-3.1.5
collecting ... collected 4 items

tests/test_output_path.py::test_generate_output_path_standard_filename PASSED [ 25%]
tests/test_output_path.py::test_generate_output_path_already_processed_suffix PASSED [ 50%]
tests/test_output_path.py::test_generate_output_path_no_extension_defaults_to_png PASSED [ 75%]
tests/test_output_path.py::test_generate_output_path_avoids_existing_processed_file PASSED [100%]

============================== 4 passed in 0.05s ==============================
